This file contains any messages produced by compilers while
running configure, to aid debugging if configure makes a mistake.

It was created by openhantek-extractfw configure 0.7.0, which was
generated by GNU Autoconf 2.67.  Invocation command line was

  $ ./configure --prefix=/usr

## --------- ##
## Platform. ##
## --------- ##

hostname = arch
uname -m = x86_64
uname -r = 5.9.14-arch1-1
uname -s = Linux
uname -v = #1 SMP PREEMPT Sat, 12 Dec 2020 14:37:12 +0000

/usr/bin/uname -p = unknown
/bin/uname -X     = unknown

/bin/arch              = unknown
/usr/bin/arch -k       = unknown
/usr/convex/getsysinfo = unknown
/usr/bin/hostinfo      = unknown
/bin/machine           = unknown
/usr/bin/oslevel       = unknown
/bin/universe          = unknown

PATH: /usr/local/sbin
PATH: /usr/local/bin
PATH: /usr/bin
PATH: /usr/lib/jvm/default/bin
PATH: /usr/bin/site_perl
PATH: /usr/bin/vendor_perl
PATH: /usr/bin/core_perl


## ----------- ##
## Core tests. ##
## ----------- ##

configure:2118: checking for a BSD-compatible install
configure:2186: result: /usr/bin/install -c
configure:2197: checking whether build environment is sane
configure:2247: result: yes
configure:2388: checking for a thread-safe mkdir -p
configure:2427: result: /usr/bin/mkdir -p
configure:2440: checking for gawk
configure:2456: found /usr/bin/gawk
configure:2467: result: gawk
configure:2478: checking whether make sets $(MAKE)
configure:2500: result: yes
configure:2630: checking for gcc
configure:2646: found /usr/bin/gcc
configure:2657: result: gcc
configure:2886: checking for C compiler version
configure:2895: gcc --version >&5
gcc (GCC) 10.2.0
Copyright (C) 2020 Free Software Foundation, Inc.
This is free software; see the source for copying conditions.  There is NO
warranty; not even for MERCHANTABILITY or FITNESS FOR A PARTICULAR PURPOSE.

configure:2906: $? = 0
configure:2895: gcc -v >&5
Using built-in specs.
COLLECT_GCC=gcc
COLLECT_LTO_WRAPPER=/usr/lib/gcc/x86_64-pc-linux-gnu/10.2.0/lto-wrapper
Target: x86_64-pc-linux-gnu
Configured with: /build/gcc/src/gcc/configure --prefix=/usr --libdir=/usr/lib --libexecdir=/usr/lib --mandir=/usr/share/man --infodir=/usr/share/info --with-bugurl=https://bugs.archlinux.org/ --enable-languages=c,c++,ada,fortran,go,lto,objc,obj-c++,d --with-isl --with-linker-hash-style=gnu --with-system-zlib --enable-__cxa_atexit --enable-cet=auto --enable-checking=release --enable-clocale=gnu --enable-default-pie --enable-default-ssp --enable-gnu-indirect-function --enable-gnu-unique-object --enable-install-libiberty --enable-linker-build-id --enable-lto --enable-multilib --enable-plugin --enable-shared --enable-threads=posix --disable-libssp --disable-libstdcxx-pch --disable-libunwind-exceptions --disable-werror gdc_include_dir=/usr/include/dlang/gdc
Thread model: posix
Supported LTO compression algorithms: zlib zstd
gcc version 10.2.0 (GCC) 
configure:2906: $? = 0
configure:2895: gcc -V >&5
gcc: error: unrecognized command-line option '-V'
gcc: fatal error: no input files
compilation terminated.
configure:2906: $? = 1
configure:2895: gcc -qversion >&5
gcc: error: unrecognized command-line option '-qversion'; did you mean '--version'?
gcc: fatal error: no input files
compilation terminated.
configure:2906: $? = 1
configure:2926: checking whether the C compiler works
configure:2948: gcc -march=x86-64 -mtune=generic -O2 -pipe -fno-plt -D_FORTIFY_SOURCE=2 -Wl,-O1,--sort-common,--as-needed,-z,relro,-z,now conftest.c  >&5
configure:2952: $? = 0
configure:3000: result: yes
configure:3003: checking for C compiler default output file name
configure:3005: result: a.out
configure:3011: checking for suffix of executables
configure:3018: gcc -o conftest -march=x86-64 -mtune=generic -O2 -pipe -fno-plt -D_FORTIFY_SOURCE=2 -Wl,-O1,--sort-common,--as-needed,-z,relro,-z,now conftest.c  >&5
configure:3022: $? = 0
configure:3044: result: 
configure:3066: checking whether we are cross compiling
configure:3074: gcc -o conftest -march=x86-64 -mtune=generic -O2 -pipe -fno-plt -D_FORTIFY_SOURCE=2 -Wl,-O1,--sort-common,--as-needed,-z,relro,-z,now conftest.c  >&5
configure:3078: $? = 0
configure:3085: ./conftest
configure:3089: $? = 0
configure:3104: result: no
configure:3109: checking for suffix of object files
configure:3131: gcc -c -march=x86-64 -mtune=generic -O2 -pipe -fno-plt -D_FORTIFY_SOURCE=2 conftest.c >&5
configure:3135: $? = 0
configure:3156: result: o
configure:3160: checking whether we are using the GNU C compiler
configure:3179: gcc -c -march=x86-64 -mtune=generic -O2 -pipe -fno-plt -D_FORTIFY_SOURCE=2 conftest.c >&5
configure:3179: $? = 0
configure:3188: result: yes
configure:3197: checking whether gcc accepts -g
configure:3217: gcc -c -g -D_FORTIFY_SOURCE=2 conftest.c >&5
configure:3217: $? = 0
configure:3258: result: yes
configure:3275: checking for gcc option to accept ISO C89
configure:3339: gcc  -c -march=x86-64 -mtune=generic -O2 -pipe -fno-plt -D_FORTIFY_SOURCE=2 conftest.c >&5
configure:3339: $? = 0
configure:3352: result: none needed
configure:3383: checking for style of include used by make
configure:3411: result: GNU
configure:3436: checking dependency style of gcc
configure:3546: result: gcc3
configure:3564: checking for main in -lbfd
configure:3583: gcc -o conftest -march=x86-64 -mtune=generic -O2 -pipe -fno-plt -D_FORTIFY_SOURCE=2 -Wl,-O1,--sort-common,--as-needed,-z,relro,-z,now conftest.c -lbfd   >&5
configure:3583: $? = 0
configure:3592: result: yes
configure:3612: checking how to run the C preprocessor
configure:3643: gcc -E -D_FORTIFY_SOURCE=2 conftest.c
In file included from /usr/include/bits/libc-header-start.h:33,
                 from /usr/include/limits.h:26,
                 from /usr/lib/gcc/x86_64-pc-linux-gnu/10.2.0/include-fixed/limits.h:195,
                 from /usr/lib/gcc/x86_64-pc-linux-gnu/10.2.0/include-fixed/syslimits.h:7,
                 from /usr/lib/gcc/x86_64-pc-linux-gnu/10.2.0/include-fixed/limits.h:34,
                 from conftest.c:13:
/usr/include/features.h:397:4: warning: #warning _FORTIFY_SOURCE requires compiling with optimization (-O) [-Wcpp]
  397 | #  warning _FORTIFY_SOURCE requires compiling with optimization (-O)
      |    ^~~~~~~
configure:3643: $? = 0
configure:3657: gcc -E -D_FORTIFY_SOURCE=2 conftest.c
conftest.c:12:10: fatal error: ac_nonexistent.h: No such file or directory
   12 | #include <ac_nonexistent.h>
      |          ^~~~~~~~~~~~~~~~~~
compilation terminated.
configure:3657: $? = 1
configure: failed program was:
| /* confdefs.h */
| #define PACKAGE_NAME "openhantek-extractfw"
| #define PACKAGE_TARNAME "openhantek-extractfw"
| #define PACKAGE_VERSION "0.7.0"
| #define PACKAGE_STRING "openhantek-extractfw 0.7.0"
| #define PACKAGE_BUGREPORT "oliver.haag@gmail.com"
| #define PACKAGE_URL ""
| #define PACKAGE "openhantek-extractfw"
| #define VERSION "0.7.0"
| #define HAVE_LIBBFD 1
| /* end confdefs.h.  */
| #include <ac_nonexistent.h>
configure:3682: result: gcc -E
configure:3702: gcc -E -D_FORTIFY_SOURCE=2 conftest.c
In file included from /usr/include/bits/libc-header-start.h:33,
                 from /usr/include/limits.h:26,
                 from /usr/lib/gcc/x86_64-pc-linux-gnu/10.2.0/include-fixed/limits.h:195,
                 from /usr/lib/gcc/x86_64-pc-linux-gnu/10.2.0/include-fixed/syslimits.h:7,
                 from /usr/lib/gcc/x86_64-pc-linux-gnu/10.2.0/include-fixed/limits.h:34,
                 from conftest.c:13:
/usr/include/features.h:397:4: warning: #warning _FORTIFY_SOURCE requires compiling with optimization (-O) [-Wcpp]
  397 | #  warning _FORTIFY_SOURCE requires compiling with optimization (-O)
      |    ^~~~~~~
configure:3702: $? = 0
configure:3716: gcc -E -D_FORTIFY_SOURCE=2 conftest.c
conftest.c:12:10: fatal error: ac_nonexistent.h: No such file or directory
   12 | #include <ac_nonexistent.h>
      |          ^~~~~~~~~~~~~~~~~~
compilation terminated.
configure:3716: $? = 1
configure: failed program was:
| /* confdefs.h */
| #define PACKAGE_NAME "openhantek-extractfw"
| #define PACKAGE_TARNAME "openhantek-extractfw"
| #define PACKAGE_VERSION "0.7.0"
| #define PACKAGE_STRING "openhantek-extractfw 0.7.0"
| #define PACKAGE_BUGREPORT "oliver.haag@gmail.com"
| #define PACKAGE_URL ""
| #define PACKAGE "openhantek-extractfw"
| #define VERSION "0.7.0"
| #define HAVE_LIBBFD 1
| /* end confdefs.h.  */
| #include <ac_nonexistent.h>
configure:3745: checking for grep that handles long lines and -e
configure:3803: result: /usr/bin/grep
configure:3808: checking for egrep
configure:3870: result: /usr/bin/grep -E
configure:3875: checking for ANSI C header files
configure:3895: gcc -c -march=x86-64 -mtune=generic -O2 -pipe -fno-plt -D_FORTIFY_SOURCE=2 conftest.c >&5
configure:3895: $? = 0
In file included from /usr/include/bits/libc-header-start.h:33,
                 from /usr/include/string.h:26,
                 from conftest.c:12:
/usr/include/features.h:397:4: warning: #warning _FORTIFY_SOURCE requires compiling with optimization (-O) [-Wcpp]
  397 | #  warning _FORTIFY_SOURCE requires compiling with optimization (-O)
      |    ^~~~~~~
In file included from /usr/include/bits/libc-header-start.h:33,
                 from /usr/include/stdlib.h:25,
                 from conftest.c:12:
/usr/include/features.h:397:4: warning: #warning _FORTIFY_SOURCE requires compiling with optimization (-O) [-Wcpp]
  397 | #  warning _FORTIFY_SOURCE requires compiling with optimization (-O)
      |    ^~~~~~~
configure:3968: gcc -o conftest -march=x86-64 -mtune=generic -O2 -pipe -fno-plt -D_FORTIFY_SOURCE=2 -Wl,-O1,--sort-common,--as-needed,-z,relro,-z,now conftest.c -lbfd  >&5
configure:3968: $? = 0
configure:3968: ./conftest
configure:3968: $? = 0
configure:3979: result: yes
configure:3992: checking for sys/types.h
configure:3992: gcc -c -march=x86-64 -mtune=generic -O2 -pipe -fno-plt -D_FORTIFY_SOURCE=2 conftest.c >&5
configure:3992: $? = 0
configure:3992: result: yes
configure:3992: checking for sys/stat.h
configure:3992: gcc -c -march=x86-64 -mtune=generic -O2 -pipe -fno-plt -D_FORTIFY_SOURCE=2 conftest.c >&5
configure:3992: $? = 0
configure:3992: result: yes
configure:3992: checking for stdlib.h
configure:3992: gcc -c -march=x86-64 -mtune=generic -O2 -pipe -fno-plt -D_FORTIFY_SOURCE=2 conftest.c >&5
configure:3992: $? = 0
configure:3992: result: yes
configure:3992: checking for string.h
configure:3992: gcc -c -march=x86-64 -mtune=generic -O2 -pipe -fno-plt -D_FORTIFY_SOURCE=2 conftest.c >&5
configure:3992: $? = 0
configure:3992: result: yes
configure:3992: checking for memory.h
configure:3992: gcc -c -march=x86-64 -mtune=generic -O2 -pipe -fno-plt -D_FORTIFY_SOURCE=2 conftest.c >&5
configure:3992: $? = 0
configure:3992: result: yes
configure:3992: checking for strings.h
configure:3992: gcc -c -march=x86-64 -mtune=generic -O2 -pipe -fno-plt -D_FORTIFY_SOURCE=2 conftest.c >&5
configure:3992: $? = 0
configure:3992: result: yes
configure:3992: checking for inttypes.h
configure:3992: gcc -c -march=x86-64 -mtune=generic -O2 -pipe -fno-plt -D_FORTIFY_SOURCE=2 conftest.c >&5
configure:3992: $? = 0
configure:3992: result: yes
configure:3992: checking for stdint.h
configure:3992: gcc -c -march=x86-64 -mtune=generic -O2 -pipe -fno-plt -D_FORTIFY_SOURCE=2 conftest.c >&5
configure:3992: $? = 0
configure:3992: result: yes
configure:3992: checking for unistd.h
configure:3992: gcc -c -march=x86-64 -mtune=generic -O2 -pipe -fno-plt -D_FORTIFY_SOURCE=2 conftest.c >&5
configure:3992: $? = 0
configure:3992: result: yes
configure:4007: checking malloc.h usability
configure:4007: gcc -c -march=x86-64 -mtune=generic -O2 -pipe -fno-plt -D_FORTIFY_SOURCE=2 conftest.c >&5
configure:4007: $? = 0
configure:4007: result: yes
configure:4007: checking malloc.h presence
configure:4007: gcc -E -D_FORTIFY_SOURCE=2 conftest.c
In file included from /usr/include/malloc.h:22,
                 from conftest.c:22:
/usr/include/features.h:397:4: warning: #warning _FORTIFY_SOURCE requires compiling with optimization (-O) [-Wcpp]
  397 | #  warning _FORTIFY_SOURCE requires compiling with optimization (-O)
      |    ^~~~~~~
configure:4007: $? = 0
configure:4007: result: yes
configure:4007: checking for malloc.h
configure:4007: result: yes
configure:4007: checking for string.h
configure:4007: result: yes
configure:4023: checking for stdlib.h
configure:4023: result: yes
configure:4033: checking for GNU libc compatible malloc
configure:4057: gcc -o conftest -march=x86-64 -mtune=generic -O2 -pipe -fno-plt -D_FORTIFY_SOURCE=2 -Wl,-O1,--sort-common,--as-needed,-z,relro,-z,now conftest.c -lbfd  >&5
configure:4057: $? = 0
configure:4057: ./conftest
configure:4057: $? = 0
configure:4067: result: yes
configure:4254: creating ./config.status

## ---------------------- ##
## Running config.status. ##
## ---------------------- ##

This file was extended by openhantek-extractfw config.status 0.7.0, which was
generated by GNU Autoconf 2.67.  Invocation command line was

  CONFIG_FILES    = 
  CONFIG_HEADERS  = 
  CONFIG_LINKS    = 
  CONFIG_COMMANDS = 
  $ ./config.status 

on arch

config.status:785: creating Makefile
config.status:785: creating 90-hantek.rules
config.status:956: executing depfiles commands

## ---------------- ##
## Cache variables. ##
## ---------------- ##

ac_cv_c_compiler_gnu=yes
ac_cv_env_CC_set=
ac_cv_env_CC_value=
ac_cv_env_CFLAGS_set=set
ac_cv_env_CFLAGS_value='-march=x86-64 -mtune=generic -O2 -pipe -fno-plt'
ac_cv_env_CPPFLAGS_set=set
ac_cv_env_CPPFLAGS_value=-D_FORTIFY_SOURCE=2
ac_cv_env_CPP_set=
ac_cv_env_CPP_value=
ac_cv_env_LDFLAGS_set=set
ac_cv_env_LDFLAGS_value=-Wl,-O1,--sort-common,--as-needed,-z,relro,-z,now
ac_cv_env_LIBS_set=
ac_cv_env_LIBS_value=
ac_cv_env_build_alias_set=
ac_cv_env_build_alias_value=
ac_cv_env_host_alias_set=
ac_cv_env_host_alias_value=
ac_cv_env_target_alias_set=
ac_cv_env_target_alias_value=
ac_cv_func_malloc_0_nonnull=yes
ac_cv_header_inttypes_h=yes
ac_cv_header_malloc_h=yes
ac_cv_header_memory_h=yes
ac_cv_header_stdc=yes
ac_cv_header_stdint_h=yes
ac_cv_header_stdlib_h=yes
ac_cv_header_string_h=yes
ac_cv_header_strings_h=yes
ac_cv_header_sys_stat_h=yes
ac_cv_header_sys_types_h=yes
ac_cv_header_unistd_h=yes
ac_cv_lib_bfd_main=yes
ac_cv_objext=o
ac_cv_path_EGREP='/usr/bin/grep -E'
ac_cv_path_GREP=/usr/bin/grep
ac_cv_path_install='/usr/bin/install -c'
ac_cv_path_mkdir=/usr/bin/mkdir
ac_cv_prog_AWK=gawk
ac_cv_prog_CPP='gcc -E'
ac_cv_prog_ac_ct_CC=gcc
ac_cv_prog_cc_c89=
ac_cv_prog_cc_g=yes
ac_cv_prog_make_make_set=yes
am_cv_CC_dependencies_compiler_type=gcc3

## ----------------- ##
## Output variables. ##
## ----------------- ##

ACLOCAL='${SHELL} /mnt/codebase/archlinux/aur/openhantek/src/openhantek-extractfw/missing --run aclocal-1.11'
AMDEPBACKSLASH='\'
AMDEP_FALSE='#'
AMDEP_TRUE=''
AMTAR='${SHELL} /mnt/codebase/archlinux/aur/openhantek/src/openhantek-extractfw/missing --run tar'
AM_BACKSLASH='\'
AM_DEFAULT_VERBOSITY='0'
AUTOCONF='${SHELL} /mnt/codebase/archlinux/aur/openhantek/src/openhantek-extractfw/missing --run autoconf'
AUTOHEADER='${SHELL} /mnt/codebase/archlinux/aur/openhantek/src/openhantek-extractfw/missing --run autoheader'
AUTOMAKE='${SHELL} /mnt/codebase/archlinux/aur/openhantek/src/openhantek-extractfw/missing --run automake-1.11'
AWK='gawk'
CC='gcc'
CCDEPMODE='depmode=gcc3'
CFLAGS='-march=x86-64 -mtune=generic -O2 -pipe -fno-plt'
CPP='gcc -E'
CPPFLAGS='-D_FORTIFY_SOURCE=2'
CYGPATH_W='echo'
DEFS='-DPACKAGE_NAME=\"openhantek-extractfw\" -DPACKAGE_TARNAME=\"openhantek-extractfw\" -DPACKAGE_VERSION=\"0.7.0\" -DPACKAGE_STRING=\"openhantek-extractfw\ 0.7.0\" -DPACKAGE_BUGREPORT=\"oliver.haag@gmail.com\" -DPACKAGE_URL=\"\" -DPACKAGE=\"openhantek-extractfw\" -DVERSION=\"0.7.0\" -DHAVE_LIBBFD=1 -DSTDC_HEADERS=1 -DHAVE_SYS_TYPES_H=1 -DHAVE_SYS_STAT_H=1 -DHAVE_STDLIB_H=1 -DHAVE_STRING_H=1 -DHAVE_MEMORY_H=1 -DHAVE_STRINGS_H=1 -DHAVE_INTTYPES_H=1 -DHAVE_STDINT_H=1 -DHAVE_UNISTD_H=1 -DHAVE_MALLOC_H=1 -DHAVE_STRING_H=1 -DHAVE_STDLIB_H=1 -DHAVE_MALLOC=1'
DEPDIR='.deps'
ECHO_C=''
ECHO_N='-n'
ECHO_T=''
EGREP='/usr/bin/grep -E'
EXEEXT=''
GREP='/usr/bin/grep'
INSTALL_DATA='${INSTALL} -m 644'
INSTALL_PROGRAM='${INSTALL}'
INSTALL_SCRIPT='${INSTALL}'
INSTALL_STRIP_PROGRAM='$(install_sh) -c -s'
LDFLAGS='-Wl,-O1,--sort-common,--as-needed,-z,relro,-z,now'
LIBOBJS=''
LIBS='-lbfd '
LTLIBOBJS=''
MAKEINFO='${SHELL} /mnt/codebase/archlinux/aur/openhantek/src/openhantek-extractfw/missing --run makeinfo'
MKDIR_P='/usr/bin/mkdir -p'
OBJEXT='o'
PACKAGE='openhantek-extractfw'
PACKAGE_BUGREPORT='oliver.haag@gmail.com'
PACKAGE_NAME='openhantek-extractfw'
PACKAGE_STRING='openhantek-extractfw 0.7.0'
PACKAGE_TARNAME='openhantek-extractfw'
PACKAGE_URL=''
PACKAGE_VERSION='0.7.0'
PATH_SEPARATOR=':'
SET_MAKE=''
SHELL='/bin/sh'
STRIP=''
VERSION='0.7.0'
ac_ct_CC='gcc'
am__EXEEXT_FALSE=''
am__EXEEXT_TRUE='#'
am__fastdepCC_FALSE='#'
am__fastdepCC_TRUE=''
am__include='include'
am__isrc=''
am__leading_dot='.'
am__quote=''
am__tar='${AMTAR} chof - "$$tardir"'
am__untar='${AMTAR} xf -'
bindir='${exec_prefix}/bin'
build_alias=''
datadir='${datarootdir}'
datarootdir='${prefix}/share'
docdir='${datarootdir}/doc/${PACKAGE_TARNAME}'
dvidir='${docdir}'
exec_prefix='${prefix}'
hantekfirmwaredir='/usr/local/share/hantek'
host_alias=''
htmldir='${docdir}'
includedir='${prefix}/include'
infodir='${datarootdir}/info'
install_sh='${SHELL} /mnt/codebase/archlinux/aur/openhantek/src/openhantek-extractfw/install-sh'
libdir='${exec_prefix}/lib'
libexecdir='${exec_prefix}/libexec'
localedir='${datarootdir}/locale'
localstatedir='${prefix}/var'
mandir='${datarootdir}/man'
mkdir_p='/usr/bin/mkdir -p'
oldincludedir='/usr/include'
pdfdir='${docdir}'
prefix='/usr'
program_transform_name='s,x,x,'
psdir='${docdir}'
sbindir='${exec_prefix}/sbin'
sharedstatedir='${prefix}/com'
sysconfdir='${prefix}/etc'
target_alias=''

## ----------- ##
## confdefs.h. ##
## ----------- ##

/* confdefs.h */
#define PACKAGE_NAME "openhantek-extractfw"
#define PACKAGE_TARNAME "openhantek-extractfw"
#define PACKAGE_VERSION "0.7.0"
#define PACKAGE_STRING "openhantek-extractfw 0.7.0"
#define PACKAGE_BUGREPORT "oliver.haag@gmail.com"
#define PACKAGE_URL ""
#define PACKAGE "openhantek-extractfw"
#define VERSION "0.7.0"
#define HAVE_LIBBFD 1
#define STDC_HEADERS 1
#define HAVE_SYS_TYPES_H 1
#define HAVE_SYS_STAT_H 1
#define HAVE_STDLIB_H 1
#define HAVE_STRING_H 1
#define HAVE_MEMORY_H 1
#define HAVE_STRINGS_H 1
#define HAVE_INTTYPES_H 1
#define HAVE_STDINT_H 1
#define HAVE_UNISTD_H 1
#define HAVE_MALLOC_H 1
#define HAVE_STRING_H 1
#define HAVE_STDLIB_H 1
#define HAVE_MALLOC 1

configure: exit 0
